  HomeWorkExcersize.cpp
C:\Users\simon\Documents\GitHub\AI\AI\Lab2\HomeWorkExcersize.cpp(29,20): warning C4018: '<': signed/unsigned mismatch
C:\Users\simon\Documents\GitHub\AI\AI\Lab2\HomeWorkExcersize.cpp(30,21): warning C4018: '<': signed/unsigned mismatch
  lab2.cpp
C:\Users\simon\Documents\GitHub\AI\AI\Lab2\Node.h(5,12): error C2011: 'Node': 'class' type redefinition
C:\Users\simon\Documents\GitHub\AI\AI\Lab2\Node.h(5): message : see declaration of 'Node'
C:\Users\simon\Documents\GitHub\AI\AI\Lab2\TreeSearch.h(8,8): error C2027: use of undefined type 'Node'
C:\Users\simon\Documents\GitHub\AI\AI\Lab2\Node.h(5): message : see declaration of 'Node'
C:\Users\simon\Documents\GitHub\AI\AI\Lab2\TreeSearch.h(13,23): warning C4018: '<': signed/unsigned mismatch
C:\Users\simon\Documents\GitHub\AI\AI\Lab2\TreeSearch.h(14,12): error C2027: use of undefined type 'Node'
C:\Users\simon\Documents\GitHub\AI\AI\Lab2\Node.h(5): message : see declaration of 'Node'
C:\Users\simon\Documents\GitHub\AI\AI\Lab2\TreeSearch.h(22,45): error C2027: use of undefined type 'Node'
C:\Users\simon\Documents\GitHub\AI\AI\Lab2\Node.h(5): message : see declaration of 'Node'
C:\Users\simon\Documents\GitHub\AI\AI\Lab2\TreeSearch.h(28,31): warning C4018: '<': signed/unsigned mismatch
C:\Users\simon\Documents\GitHub\AI\AI\Lab2\TreeSearch.h(29,20): error C2027: use of undefined type 'Node'
C:\Users\simon\Documents\GitHub\AI\AI\Lab2\Node.h(5): message : see declaration of 'Node'
C:\Users\simon\Documents\GitHub\AI\AI\Lab2\TreeSearch.h(32,25): error C2027: use of undefined type 'Node'
C:\Users\simon\Documents\GitHub\AI\AI\Lab2\Node.h(5): message : see declaration of 'Node'
C:\Users\simon\Documents\GitHub\AI\AI\Lab2\lab2.cpp(11,5): error C2027: use of undefined type 'Node'
C:\Users\simon\Documents\GitHub\AI\AI\Lab2\Node.h(5): message : see declaration of 'Node'
C:\Users\simon\Documents\GitHub\AI\AI\Lab2\lab2.cpp(13,35): error C2027: use of undefined type 'Node'
C:\Users\simon\Documents\GitHub\AI\AI\Lab2\Node.h(5): message : see declaration of 'Node'
C:\Users\simon\Documents\GitHub\AI\AI\Lab2\lab2.cpp(15,9): error C2027: use of undefined type 'Node'
C:\Users\simon\Documents\GitHub\AI\AI\Lab2\Node.h(5): message : see declaration of 'Node'
C:\Users\simon\Documents\GitHub\AI\AI\Lab2\lab2.cpp(17,35): error C2027: use of undefined type 'Node'
C:\Users\simon\Documents\GitHub\AI\AI\Lab2\Node.h(5): message : see declaration of 'Node'
C:\Users\simon\Documents\GitHub\AI\AI\Lab2\lab2.cpp(18,35): error C2027: use of undefined type 'Node'
C:\Users\simon\Documents\GitHub\AI\AI\Lab2\Node.h(5): message : see declaration of 'Node'
C:\Users\simon\Documents\GitHub\AI\AI\Lab2\lab2.cpp(19,35): error C2027: use of undefined type 'Node'
C:\Users\simon\Documents\GitHub\AI\AI\Lab2\Node.h(5): message : see declaration of 'Node'
C:\Users\simon\Documents\GitHub\AI\AI\Lab2\lab2.cpp(21,9): error C2027: use of undefined type 'Node'
C:\Users\simon\Documents\GitHub\AI\AI\Lab2\Node.h(5): message : see declaration of 'Node'
C:\Users\simon\Documents\GitHub\AI\AI\Lab2\lab2.cpp(23,35): error C2027: use of undefined type 'Node'
C:\Users\simon\Documents\GitHub\AI\AI\Lab2\Node.h(5): message : see declaration of 'Node'
C:\Users\simon\Documents\GitHub\AI\AI\Lab2\lab2.cpp(24,35): error C2027: use of undefined type 'Node'
C:\Users\simon\Documents\GitHub\AI\AI\Lab2\Node.h(5): message : see declaration of 'Node'
C:\Users\simon\Documents\GitHub\AI\AI\Lab2\lab2.cpp(25,35): error C2027: use of undefined type 'Node'
C:\Users\simon\Documents\GitHub\AI\AI\Lab2\Node.h(5): message : see declaration of 'Node'
C:\Users\simon\Documents\GitHub\AI\AI\Lab2\lab2.cpp(26,35): error C2027: use of undefined type 'Node'
C:\Users\simon\Documents\GitHub\AI\AI\Lab2\Node.h(5): message : see declaration of 'Node'
C:\Users\simon\Documents\GitHub\AI\AI\Lab2\lab2.cpp(27,35): error C2027: use of undefined type 'Node'
C:\Users\simon\Documents\GitHub\AI\AI\Lab2\Node.h(5): message : see declaration of 'Node'
C:\Users\simon\Documents\GitHub\AI\AI\Lab2\lab2.cpp(28,35): error C2027: use of undefined type 'Node'
C:\Users\simon\Documents\GitHub\AI\AI\Lab2\Node.h(5): message : see declaration of 'Node'
C:\Users\simon\Documents\GitHub\AI\AI\Lab2\lab2.cpp(29,35): error C2027: use of undefined type 'Node'
C:\Users\simon\Documents\GitHub\AI\AI\Lab2\Node.h(5): message : see declaration of 'Node'
C:\Users\simon\Documents\GitHub\AI\AI\Lab2\lab2.cpp(31,9): error C2027: use of undefined type 'Node'
C:\Users\simon\Documents\GitHub\AI\AI\Lab2\Node.h(5): message : see declaration of 'Node'
C:\Users\simon\Documents\GitHub\AI\AI\Lab2\lab2.cpp(34,49): error C2027: use of undefined type 'Node'
C:\Users\simon\Documents\GitHub\AI\AI\Lab2\Node.h(5): message : see declaration of 'Node'
C:\Users\simon\Documents\GitHub\AI\AI\Lab2\lab2.cpp(36,23): warning C4018: '<': signed/unsigned mismatch
C:\Users\simon\Documents\GitHub\AI\AI\Lab2\lab2.cpp(37,24): warning C4150: deletion of pointer to incomplete type 'Node'; no destructor called
C:\Users\simon\Documents\GitHub\AI\AI\Lab2\Node.h(5): message : see declaration of 'Node'
  lab3.cpp
C:\Users\simon\Documents\GitHub\AI\AI\Lab3\Node.h(9,9): error C2143: syntax error: missing ';' before '*'
C:\Users\simon\Documents\GitHub\AI\AI\Lab3\Node.h(9,9): error C4430: missing type specifier - int assumed. Note: C++ does not support default-int
C:\Users\simon\Documents\GitHub\AI\AI\Lab3\Node.h(9,16): error C2238: unexpected token(s) preceding ';'
C:\Users\simon\Documents\GitHub\AI\AI\Lab3\Node.h(10,9): error C2143: syntax error: missing ';' before '*'
C:\Users\simon\Documents\GitHub\AI\AI\Lab3\Node.h(10,9): error C4430: missing type specifier - int assumed. Note: C++ does not support default-int
C:\Users\simon\Documents\GitHub\AI\AI\Lab3\Node.h(10,16): error C2238: unexpected token(s) preceding ';'
C:\Users\simon\Documents\GitHub\AI\AI\Lab3\Node.h(12,46): error C2061: syntax error: identifier 'Node'
C:\Users\simon\Documents\GitHub\AI\AI\Lab3\Node.h(13,32): error C2065: 'nodeA': undeclared identifier
C:\Users\simon\Documents\GitHub\AI\AI\Lab3\Node.h(13,40): error C2065: 'A': undeclared identifier
C:\Users\simon\Documents\GitHub\AI\AI\Lab3\Node.h(13,43): error C2065: 'nodeB': undeclared identifier
C:\Users\simon\Documents\GitHub\AI\AI\Lab3\Node.h(13,51): error C2065: 'B': undeclared identifier
C:\Users\simon\Documents\GitHub\AI\AI\Lab3\Node.h(29,27): warning C4018: '<': signed/unsigned mismatch
C:\Users\simon\Documents\GitHub\AI\AI\Lab3\Node.h(30,1): error C2039: 'nodeA': is not a member of 'Distance'
C:\Users\simon\Documents\GitHub\AI\AI\Lab3\Node.h(6): message : see declaration of 'Distance'
C:\Users\simon\Documents\GitHub\AI\AI\Lab3\Node.h(30,1): error C2039: 'nodeB': is not a member of 'Distance'
C:\Users\simon\Documents\GitHub\AI\AI\Lab3\Node.h(6): message : see declaration of 'Distance'
C:\Users\simon\Documents\GitHub\AI\AI\Lab3\Node.h(31,1): error C2039: 'nodeA': is not a member of 'Distance'
C:\Users\simon\Documents\GitHub\AI\AI\Lab3\Node.h(6): message : see declaration of 'Distance'
C:\Users\simon\Documents\GitHub\AI\AI\Lab3\Node.h(31,1): error C2039: 'nodeB': is not a member of 'Distance'
C:\Users\simon\Documents\GitHub\AI\AI\Lab3\Node.h(6): message : see declaration of 'Distance'
C:\Users\simon\Documents\GitHub\AI\AI\Lab3\Node.h(46,27): warning C4018: '<': signed/unsigned mismatch
C:\Users\simon\Documents\GitHub\AI\AI\Lab3\Node.h(53,1): error C2440: '<function-style-cast>': cannot convert from 'initializer list' to 'Distance'
C:\Users\simon\Documents\GitHub\AI\AI\Lab3\Node.h(53,1): message : No constructor could take the source type, or constructor overload resolution was ambiguous
C:\Users\simon\Documents\GitHub\AI\AI\Lab3\Node.h(53,29): error C2064: term does not evaluate to a function taking 3 arguments
C:\Users\simon\Documents\GitHub\AI\AI\Lab3\Node.h(56,27): warning C4018: '<': signed/unsigned mismatch
C:\Users\simon\Documents\GitHub\AI\AI\Lab3\Node.h(62,1): error C2440: '<function-style-cast>': cannot convert from 'initializer list' to 'Distance'
C:\Users\simon\Documents\GitHub\AI\AI\Lab3\Node.h(62,1): message : No constructor could take the source type, or constructor overload resolution was ambiguous
C:\Users\simon\Documents\GitHub\AI\AI\Lab3\Node.h(62,35): error C2064: term does not evaluate to a function taking 3 arguments
C:\Users\simon\Documents\GitHub\AI\AI\Lab3\Map.h(5,10): fatal error C1083: Cannot open include file: 'Lab3/Node.h': No such file or directory
  Generating Code...
