  lab2.cpp
C:\Users\simon\Documents\GitHub\AI\AI\Lab2\Node.h(6,16): error C2011: 'lab2::Node': 'class' type redefinition
C:\Users\simon\Documents\GitHub\AI\AI\Lab2\Node.h(6): message : see declaration of 'lab2::Node'
C:\Users\simon\Documents\GitHub\AI\AI\Lab2\TreeSearch.h(13,12): error C2027: use of undefined type 'lab2::Node'
C:\Users\simon\Documents\GitHub\AI\AI\Lab2\Node.h(6): message : see declaration of 'lab2::Node'
C:\Users\simon\Documents\GitHub\AI\AI\Lab2\TreeSearch.h(19,16): error C2027: use of undefined type 'lab2::Node'
C:\Users\simon\Documents\GitHub\AI\AI\Lab2\Node.h(6): message : see declaration of 'lab2::Node'
C:\Users\simon\Documents\GitHub\AI\AI\Lab2\TreeSearch.h(27,49): error C2027: use of undefined type 'lab2::Node'
C:\Users\simon\Documents\GitHub\AI\AI\Lab2\Node.h(6): message : see declaration of 'lab2::Node'
C:\Users\simon\Documents\GitHub\AI\AI\Lab2\TreeSearch.h(28,52): warning C4267: 'initializing': conversion from 'size_t' to 'int', possible loss of data
C:\Users\simon\Documents\GitHub\AI\AI\Lab2\TreeSearch.h(34,24): error C2027: use of undefined type 'lab2::Node'
C:\Users\simon\Documents\GitHub\AI\AI\Lab2\Node.h(6): message : see declaration of 'lab2::Node'
C:\Users\simon\Documents\GitHub\AI\AI\Lab2\TreeSearch.h(37,29): error C2027: use of undefined type 'lab2::Node'
C:\Users\simon\Documents\GitHub\AI\AI\Lab2\Node.h(6): message : see declaration of 'lab2::Node'
C:\Users\simon\Documents\GitHub\AI\AI\Lab2\lab2.cpp(11,5): error C2027: use of undefined type 'lab2::Node'
C:\Users\simon\Documents\GitHub\AI\AI\Lab2\Node.h(6): message : see declaration of 'lab2::Node'
C:\Users\simon\Documents\GitHub\AI\AI\Lab2\lab2.cpp(13,41): error C2027: use of undefined type 'lab2::Node'
C:\Users\simon\Documents\GitHub\AI\AI\Lab2\Node.h(6): message : see declaration of 'lab2::Node'
C:\Users\simon\Documents\GitHub\AI\AI\Lab2\lab2.cpp(15,9): error C2027: use of undefined type 'lab2::Node'
C:\Users\simon\Documents\GitHub\AI\AI\Lab2\Node.h(6): message : see declaration of 'lab2::Node'
C:\Users\simon\Documents\GitHub\AI\AI\Lab2\lab2.cpp(17,41): error C2027: use of undefined type 'lab2::Node'
C:\Users\simon\Documents\GitHub\AI\AI\Lab2\Node.h(6): message : see declaration of 'lab2::Node'
C:\Users\simon\Documents\GitHub\AI\AI\Lab2\lab2.cpp(18,41): error C2027: use of undefined type 'lab2::Node'
C:\Users\simon\Documents\GitHub\AI\AI\Lab2\Node.h(6): message : see declaration of 'lab2::Node'
C:\Users\simon\Documents\GitHub\AI\AI\Lab2\lab2.cpp(19,41): error C2027: use of undefined type 'lab2::Node'
C:\Users\simon\Documents\GitHub\AI\AI\Lab2\Node.h(6): message : see declaration of 'lab2::Node'
C:\Users\simon\Documents\GitHub\AI\AI\Lab2\lab2.cpp(21,9): error C2027: use of undefined type 'lab2::Node'
C:\Users\simon\Documents\GitHub\AI\AI\Lab2\Node.h(6): message : see declaration of 'lab2::Node'
C:\Users\simon\Documents\GitHub\AI\AI\Lab2\lab2.cpp(23,41): error C2027: use of undefined type 'lab2::Node'
C:\Users\simon\Documents\GitHub\AI\AI\Lab2\Node.h(6): message : see declaration of 'lab2::Node'
C:\Users\simon\Documents\GitHub\AI\AI\Lab2\lab2.cpp(24,41): error C2027: use of undefined type 'lab2::Node'
C:\Users\simon\Documents\GitHub\AI\AI\Lab2\Node.h(6): message : see declaration of 'lab2::Node'
C:\Users\simon\Documents\GitHub\AI\AI\Lab2\lab2.cpp(25,41): error C2027: use of undefined type 'lab2::Node'
C:\Users\simon\Documents\GitHub\AI\AI\Lab2\Node.h(6): message : see declaration of 'lab2::Node'
C:\Users\simon\Documents\GitHub\AI\AI\Lab2\lab2.cpp(26,41): error C2027: use of undefined type 'lab2::Node'
C:\Users\simon\Documents\GitHub\AI\AI\Lab2\Node.h(6): message : see declaration of 'lab2::Node'
C:\Users\simon\Documents\GitHub\AI\AI\Lab2\lab2.cpp(27,41): error C2027: use of undefined type 'lab2::Node'
C:\Users\simon\Documents\GitHub\AI\AI\Lab2\Node.h(6): message : see declaration of 'lab2::Node'
C:\Users\simon\Documents\GitHub\AI\AI\Lab2\lab2.cpp(28,41): error C2027: use of undefined type 'lab2::Node'
C:\Users\simon\Documents\GitHub\AI\AI\Lab2\Node.h(6): message : see declaration of 'lab2::Node'
C:\Users\simon\Documents\GitHub\AI\AI\Lab2\lab2.cpp(29,41): error C2027: use of undefined type 'lab2::Node'
C:\Users\simon\Documents\GitHub\AI\AI\Lab2\Node.h(6): message : see declaration of 'lab2::Node'
C:\Users\simon\Documents\GitHub\AI\AI\Lab2\lab2.cpp(31,9): error C2027: use of undefined type 'lab2::Node'
C:\Users\simon\Documents\GitHub\AI\AI\Lab2\Node.h(6): message : see declaration of 'lab2::Node'
C:\Users\simon\Documents\GitHub\AI\AI\Lab2\lab2.cpp(34,55): error C2027: use of undefined type 'lab2::Node'
C:\Users\simon\Documents\GitHub\AI\AI\Lab2\Node.h(6): message : see declaration of 'lab2::Node'
C:\Users\simon\Documents\GitHub\AI\AI\Lab2\lab2.cpp(37,24): warning C4150: deletion of pointer to incomplete type 'lab2::Node'; no destructor called
C:\Users\simon\Documents\GitHub\AI\AI\Lab2\Node.h(6): message : see declaration of 'lab2::Node'
  lab3.cpp
C:\Users\simon\Documents\GitHub\AI\AI\Lab3\Node.h(15,9): error C2143: syntax error: missing ';' before '*'
C:\Users\simon\Documents\GitHub\AI\AI\Lab3\Node.h(15,9): error C4430: missing type specifier - int assumed. Note: C++ does not support default-int
C:\Users\simon\Documents\GitHub\AI\AI\Lab3\Node.h(15,16): error C2238: unexpected token(s) preceding ';'
C:\Users\simon\Documents\GitHub\AI\AI\Lab3\Node.h(16,9): error C2143: syntax error: missing ';' before '*'
C:\Users\simon\Documents\GitHub\AI\AI\Lab3\Node.h(16,9): error C4430: missing type specifier - int assumed. Note: C++ does not support default-int
C:\Users\simon\Documents\GitHub\AI\AI\Lab3\Node.h(16,16): error C2238: unexpected token(s) preceding ';'
C:\Users\simon\Documents\GitHub\AI\AI\Lab3\Node.h(18,46): error C2061: syntax error: identifier 'Node'
C:\Users\simon\Documents\GitHub\AI\AI\Lab3\Node.h(19,32): error C2065: 'nodeA': undeclared identifier
C:\Users\simon\Documents\GitHub\AI\AI\Lab3\Node.h(19,40): error C2065: 'A': undeclared identifier
C:\Users\simon\Documents\GitHub\AI\AI\Lab3\Node.h(19,43): error C2065: 'nodeB': undeclared identifier
C:\Users\simon\Documents\GitHub\AI\AI\Lab3\Node.h(19,51): error C2065: 'B': undeclared identifier
C:\Users\simon\Documents\GitHub\AI\AI\Lab3\Node.h(36,1): error C2039: 'nodeA': is not a member of 'Distance'
C:\Users\simon\Documents\GitHub\AI\AI\Lab3\Node.h(12): message : see declaration of 'Distance'
C:\Users\simon\Documents\GitHub\AI\AI\Lab3\Node.h(36,1): error C2039: 'nodeB': is not a member of 'Distance'
C:\Users\simon\Documents\GitHub\AI\AI\Lab3\Node.h(12): message : see declaration of 'Distance'
C:\Users\simon\Documents\GitHub\AI\AI\Lab3\Node.h(37,1): error C2039: 'nodeA': is not a member of 'Distance'
C:\Users\simon\Documents\GitHub\AI\AI\Lab3\Node.h(12): message : see declaration of 'Distance'
C:\Users\simon\Documents\GitHub\AI\AI\Lab3\Node.h(37,1): error C2039: 'nodeB': is not a member of 'Distance'
C:\Users\simon\Documents\GitHub\AI\AI\Lab3\Node.h(12): message : see declaration of 'Distance'
C:\Users\simon\Documents\GitHub\AI\AI\Lab3\Node.h(59,1): error C2440: '<function-style-cast>': cannot convert from 'initializer list' to 'Distance'
C:\Users\simon\Documents\GitHub\AI\AI\Lab3\Node.h(59,1): message : No constructor could take the source type, or constructor overload resolution was ambiguous
C:\Users\simon\Documents\GitHub\AI\AI\Lab3\Node.h(59,29): error C2064: term does not evaluate to a function taking 3 arguments
C:\Users\simon\Documents\GitHub\AI\AI\Lab3\Node.h(68,1): error C2440: '<function-style-cast>': cannot convert from 'initializer list' to 'Distance'
C:\Users\simon\Documents\GitHub\AI\AI\Lab3\Node.h(68,1): message : No constructor could take the source type, or constructor overload resolution was ambiguous
C:\Users\simon\Documents\GitHub\AI\AI\Lab3\Node.h(68,35): error C2064: term does not evaluate to a function taking 3 arguments
C:\Users\simon\Documents\GitHub\AI\AI\Lab3\Node.h(12,17): error C2011: 'Distance': 'struct' type redefinition
C:\Users\simon\Documents\GitHub\AI\AI\Lab3\Node.h(12): message : see declaration of 'Distance'
C:\Users\simon\Documents\GitHub\AI\AI\Lab3\Node.h(23,12): error C2011: 'Node': 'class' type redefinition
C:\Users\simon\Documents\GitHub\AI\AI\Lab3\Node.h(23): message : see declaration of 'Node'
C:\Users\simon\Documents\GitHub\AI\AI\Lab3\Map.h(17,1): error C2027: use of undefined type 'lab3::Node'
C:\Users\simon\Documents\GitHub\AI\AI\Lab3\Node.h(7): message : see declaration of 'lab3::Node'
C:\Users\simon\Documents\GitHub\AI\AI\Lab3\Map.h(18,1): error C2027: use of undefined type 'lab3::Node'
C:\Users\simon\Documents\GitHub\AI\AI\Lab3\Node.h(7): message : see declaration of 'lab3::Node'
C:\Users\simon\Documents\GitHub\AI\AI\Lab3\Map.h(19,1): error C2027: use of undefined type 'lab3::Node'
C:\Users\simon\Documents\GitHub\AI\AI\Lab3\Node.h(7): message : see declaration of 'lab3::Node'
C:\Users\simon\Documents\GitHub\AI\AI\Lab3\Map.h(20,1): error C2027: use of undefined type 'lab3::Node'
C:\Users\simon\Documents\GitHub\AI\AI\Lab3\Node.h(7): message : see declaration of 'lab3::Node'
C:\Users\simon\Documents\GitHub\AI\AI\Lab3\Map.h(21,1): error C2027: use of undefined type 'lab3::Node'
C:\Users\simon\Documents\GitHub\AI\AI\Lab3\Node.h(7): message : see declaration of 'lab3::Node'
C:\Users\simon\Documents\GitHub\AI\AI\Lab3\Map.h(22,1): error C2027: use of undefined type 'lab3::Node'
C:\Users\simon\Documents\GitHub\AI\AI\Lab3\Node.h(7): message : see declaration of 'lab3::Node'
C:\Users\simon\Documents\GitHub\AI\AI\Lab3\Map.h(23,1): error C2027: use of undefined type 'lab3::Node'
C:\Users\simon\Documents\GitHub\AI\AI\Lab3\Node.h(7): message : see declaration of 'lab3::Node'
C:\Users\simon\Documents\GitHub\AI\AI\Lab3\Map.h(24,1): error C2027: use of undefined type 'lab3::Node'
C:\Users\simon\Documents\GitHub\AI\AI\Lab3\Node.h(7): message : see declaration of 'lab3::Node'
C:\Users\simon\Documents\GitHub\AI\AI\Lab3\Map.h(25,1): error C2027: use of undefined type 'lab3::Node'
C:\Users\simon\Documents\GitHub\AI\AI\Lab3\Node.h(7): message : see declaration of 'lab3::Node'
C:\Users\simon\Documents\GitHub\AI\AI\Lab3\Map.h(26,1): error C2027: use of undefined type 'lab3::Node'
C:\Users\simon\Documents\GitHub\AI\AI\Lab3\Node.h(7): message : see declaration of 'lab3::Node'
C:\Users\simon\Documents\GitHub\AI\AI\Lab3\Map.h(27,1): error C2027: use of undefined type 'lab3::Node'
C:\Users\simon\Documents\GitHub\AI\AI\Lab3\Node.h(7): message : see declaration of 'lab3::Node'
C:\Users\simon\Documents\GitHub\AI\AI\Lab3\Map.h(29,1): error C2027: use of undefined type 'lab3::Node'
C:\Users\simon\Documents\GitHub\AI\AI\Lab3\Node.h(7): message : see declaration of 'lab3::Node'
C:\Users\simon\Documents\GitHub\AI\AI\Lab3\Map.h(31,1): error C2027: use of undefined type 'lab3::Node'
C:\Users\simon\Documents\GitHub\AI\AI\Lab3\Node.h(7): message : see declaration of 'lab3::Node'
C:\Users\simon\Documents\GitHub\AI\AI\Lab3\Map.h(32,1): error C2027: use of undefined type 'lab3::Node'
C:\Users\simon\Documents\GitHub\AI\AI\Lab3\Node.h(7): message : see declaration of 'lab3::Node'
C:\Users\simon\Documents\GitHub\AI\AI\Lab3\Map.h(33,1): error C2027: use of undefined type 'lab3::Node'
C:\Users\simon\Documents\GitHub\AI\AI\Lab3\Node.h(7): message : see declaration of 'lab3::Node'
C:\Users\simon\Documents\GitHub\AI\AI\Lab3\Map.h(34,1): error C2027: use of undefined type 'lab3::Node'
C:\Users\simon\Documents\GitHub\AI\AI\Lab3\Node.h(7): message : see declaration of 'lab3::Node'
C:\Users\simon\Documents\GitHub\AI\AI\Lab3\Map.h(35,1): error C2027: use of undefined type 'lab3::Node'
C:\Users\simon\Documents\GitHub\AI\AI\Lab3\Node.h(7): message : see declaration of 'lab3::Node'
C:\Users\simon\Documents\GitHub\AI\AI\Lab3\Map.h(36,1): error C2027: use of undefined type 'lab3::Node'
C:\Users\simon\Documents\GitHub\AI\AI\Lab3\Node.h(7): message : see declaration of 'lab3::Node'
C:\Users\simon\Documents\GitHub\AI\AI\Lab3\Map.h(37,1): error C2027: use of undefined type 'lab3::Node'
C:\Users\simon\Documents\GitHub\AI\AI\Lab3\Node.h(7): message : see declaration of 'lab3::Node'
C:\Users\simon\Documents\GitHub\AI\AI\Lab3\Map.h(38,1): error C2027: use of undefined type 'lab3::Node'
C:\Users\simon\Documents\GitHub\AI\AI\Lab3\Node.h(7): message : see declaration of 'lab3::Node'
C:\Users\simon\Documents\GitHub\AI\AI\Lab3\Map.h(39,1): error C2027: use of undefined type 'lab3::Node'
C:\Users\simon\Documents\GitHub\AI\AI\Lab3\Node.h(7): message : see declaration of 'lab3::Node'
C:\Users\simon\Documents\GitHub\AI\AI\Lab3\Map.h(40,1): error C2027: use of undefined type 'lab3::Node'
C:\Users\simon\Documents\GitHub\AI\AI\Lab3\Node.h(7): message : see declaration of 'lab3::Node'
C:\Users\simon\Documents\GitHub\AI\AI\Lab3\Map.h(41,1): error C2027: use of undefined type 'lab3::Node'
C:\Users\simon\Documents\GitHub\AI\AI\Lab3\Node.h(7): message : see declaration of 'lab3::Node'
C:\Users\simon\Documents\GitHub\AI\AI\Lab3\Map.h(42,1): error C2027: use of undefined type 'lab3::Node'
C:\Users\simon\Documents\GitHub\AI\AI\Lab3\Node.h(7): message : see declaration of 'lab3::Node'
C:\Users\simon\Documents\GitHub\AI\AI\Lab3\Map.h(43,1): error C2027: use of undefined type 'lab3::Node'
C:\Users\simon\Documents\GitHub\AI\AI\Lab3\Node.h(7): message : see declaration of 'lab3::Node'
C:\Users\simon\Documents\GitHub\AI\AI\Lab3\Map.h(44,1): error C2027: use of undefined type 'lab3::Node'
C:\Users\simon\Documents\GitHub\AI\AI\Lab3\Node.h(7): message : see declaration of 'lab3::Node'
C:\Users\simon\Documents\GitHub\AI\AI\Lab3\Map.h(45,1): error C2027: use of undefined type 'lab3::Node'
C:\Users\simon\Documents\GitHub\AI\AI\Lab3\Node.h(7): message : see declaration of 'lab3::Node'
C:\Users\simon\Documents\GitHub\AI\AI\Lab3\Map.h(46,1): error C2027: use of undefined type 'lab3::Node'
C:\Users\simon\Documents\GitHub\AI\AI\Lab3\Node.h(7): message : see declaration of 'lab3::Node'
C:\Users\simon\Documents\GitHub\AI\AI\Lab3\Map.h(47,1): error C2027: use of undefined type 'lab3::Node'
C:\Users\simon\Documents\GitHub\AI\AI\Lab3\Node.h(7): message : see declaration of 'lab3::Node'
C:\Users\simon\Documents\GitHub\AI\AI\Lab3\Map.h(48,1): error C2027: use of undefined type 'lab3::Node'
C:\Users\simon\Documents\GitHub\AI\AI\Lab3\Node.h(7): message : see declaration of 'lab3::Node'
C:\Users\simon\Documents\GitHub\AI\AI\Lab3\Map.h(49,1): error C2027: use of undefined type 'lab3::Node'
C:\Users\simon\Documents\GitHub\AI\AI\Lab3\Node.h(7): message : see declaration of 'lab3::Node'
C:\Users\simon\Documents\GitHub\AI\AI\Lab3\Map.h(50,1): error C2027: use of undefined type 'lab3::Node'
C:\Users\simon\Documents\GitHub\AI\AI\Lab3\Node.h(7): message : see declaration of 'lab3::Node'
C:\Users\simon\Documents\GitHub\AI\AI\Lab3\Map.h(51,1): error C2027: use of undefined type 'lab3::Node'
C:\Users\simon\Documents\GitHub\AI\AI\Lab3\Node.h(7): message : see declaration of 'lab3::Node'
C:\Users\simon\Documents\GitHub\AI\AI\Lab3\Map.h(52,1): error C2027: use of undefined type 'lab3::Node'
C:\Users\simon\Documents\GitHub\AI\AI\Lab3\Node.h(7): message : see declaration of 'lab3::Node'
C:\Users\simon\Documents\GitHub\AI\AI\Lab3\Map.h(53,1): error C2027: use of undefined type 'lab3::Node'
C:\Users\simon\Documents\GitHub\AI\AI\Lab3\Node.h(7): message : see declaration of 'lab3::Node'
C:\Users\simon\Documents\GitHub\AI\AI\Lab3\Map.h(54,1): error C2027: use of undefined type 'lab3::Node'
C:\Users\simon\Documents\GitHub\AI\AI\Lab3\Node.h(7): message : see declaration of 'lab3::Node'
C:\Users\simon\Documents\GitHub\AI\AI\Lab3\Map.h(55,1): error C2027: use of undefined type 'lab3::Node'
C:\Users\simon\Documents\GitHub\AI\AI\Lab3\Node.h(7): message : see declaration of 'lab3::Node'
C:\Users\simon\Documents\GitHub\AI\AI\Lab3\Map.h(56,1): error C2027: use of undefined type 'lab3::Node'
C:\Users\simon\Documents\GitHub\AI\AI\Lab3\Node.h(7): message : see declaration of 'lab3::Node'
C:\Users\simon\Documents\GitHub\AI\AI\Lab3\Map.h(57,1): error C2027: use of undefined type 'lab3::Node'
C:\Users\simon\Documents\GitHub\AI\AI\Lab3\Node.h(7): message : see declaration of 'lab3::Node'
C:\Users\simon\Documents\GitHub\AI\AI\Lab3\Map.h(58,1): error C2027: use of undefined type 'lab3::Node'
C:\Users\simon\Documents\GitHub\AI\AI\Lab3\Node.h(7): message : see declaration of 'lab3::Node'
C:\Users\simon\Documents\GitHub\AI\AI\Lab3\Map.h(64,1): error C2027: use of undefined type 'lab3::Node'
C:\Users\simon\Documents\GitHub\AI\AI\Lab3\Node.h(7): message : see declaration of 'lab3::Node'
C:\Users\simon\Documents\GitHub\AI\AI\Lab3\Map.h(70,1): warning C4150: deletion of pointer to incomplete type 'lab3::Node'; no destructor called
C:\Users\simon\Documents\GitHub\AI\AI\Lab3\Node.h(7): message : see declaration of 'lab3::Node'
C:\Users\simon\Documents\GitHub\AI\AI\Lab3\AStar.h(18,14): error C2027: use of undefined type 'lab3::Node'
C:\Users\simon\Documents\GitHub\AI\AI\Lab3\Node.h(7): message : see declaration of 'lab3::Node'
C:\Users\simon\Documents\GitHub\AI\AI\Lab3\AStar.h(19,1): error C2027: use of undefined type 'lab3::Node'
C:\Users\simon\Documents\GitHub\AI\AI\Lab3\Node.h(7): message : see declaration of 'lab3::Node'
C:\Users\simon\Documents\GitHub\AI\AI\Lab3\AStar.h(20,1): error C2027: use of undefined type 'lab3::Node'
C:\Users\simon\Documents\GitHub\AI\AI\Lab3\Node.h(7): message : see declaration of 'lab3::Node'
C:\Users\simon\Documents\GitHub\AI\AI\Lab3\AStar.h(26,1): error C3867: 'lab3::AStar::compareNode': non-standard syntax; use '&' to create a pointer to member
C:\Users\simon\Documents\GitHub\AI\AI\Lab3\AStar.h(26,18): error C2672: 'std::sort': no matching overloaded function found
C:\Users\simon\Documents\GitHub\AI\AI\Lab3\AStar.h(26,1): error C2780: 'void std::sort(const _RanIt,const _RanIt)': expects 2 arguments - 3 provided
D:\VS smid dit shit her\IDE\VC\Tools\MSVC\14.25.28610\include\algorithm(3510): message : see declaration of 'std::sort'
C:\Users\simon\Documents\GitHub\AI\AI\Lab3\AStar.h(33,1): error C2027: use of undefined type 'lab3::Node'
C:\Users\simon\Documents\GitHub\AI\AI\Lab3\Node.h(7): message : see declaration of 'lab3::Node'
C:\Users\simon\Documents\GitHub\AI\AI\Lab3\AStar.h(41,1): error C2027: use of undefined type 'lab3::Node'
C:\Users\simon\Documents\GitHub\AI\AI\Lab3\Node.h(7): message : see declaration of 'lab3::Node'
C:\Users\simon\Documents\GitHub\AI\AI\Lab3\AStar.h(43,1): error C2027: use of undefined type 'lab3::Node'
C:\Users\simon\Documents\GitHub\AI\AI\Lab3\Node.h(7): message : see declaration of 'lab3::Node'
  Generating Code...
